0: run RW
0: start
0: passt
0: Out of domain!
0: 0 out of 300
0: Out of domain!
0: Out of domain!
0: Building point search tree to accelerate distance queries.
0: Computed bounding box tree with 952159 nodes for 476080 points.
0: Out of domain!
0: Out of domain!
0: 1 out of 300
0: 2 out of 300
0: 3 out of 300
0: Out of domain!
0: 4 out of 300
0: Out of domain!
0: Out of domain!
0: 5 out of 300
0: Out of domain!
0: Out of domain!
0: Out of domain!
0: Out of domain!
0: Out of domain!
0: Out of domain!
0: 6 out of 300
0: Out of domain!
0: 7 out of 300
0: Out of domain!
0: Out of domain!
0: Out of domain!
0: 8 out of 300
0: 9 out of 300
0: Out of domain!
0: Out of domain!
0: 10 out of 300
0: 11 out of 300
0: 12 out of 300
0: 13 out of 300
0: 14 out of 300
0: Out of domain!
0: 15 out of 300
0: Out of domain!
0: Out of domain!
0: 16 out of 300
0: Out of domain!
0: 17 out of 300
0: Out of domain!
0: 18 out of 300
0: Out of domain!
0: Out of domain!
0: 19 out of 300
0: Out of domain!
0: Out of domain!
0: 20 out of 300
0: 21 out of 300
0: 22 out of 300
0: Out of domain!
0: 23 out of 300
0: Out of domain!
0: Out of domain!
0: Out of domain!
0: Out of domain!
0: Out of domain!
0: Out of domain!
0: 24 out of 300
0: 25 out of 300
0: Out of domain!
0: 26 out of 300
0: Out of domain!
0: Out of domain!
0: Out of domain!
0: Out of domain!
0: Out of domain!
0: 27 out of 300
0: Out of domain!
0: 28 out of 300
0: Out of domain!
0: 29 out of 300
0: 30 out of 300
0: Out of domain!
0: 31 out of 300
0: 32 out of 300
0: 33 out of 300
0: Out of domain!
0: 34 out of 300
0: Out of domain!
0: Out of domain!
0: 35 out of 300
0: 36 out of 300
0: Out of domain!
0: 37 out of 300
0: 38 out of 300
0: Out of domain!
0: Out of domain!
0: 39 out of 300
0: Out of domain!
0: 40 out of 300
0: 41 out of 300
0: Out of domain!
0: 42 out of 300
0: Out of domain!
0: 43 out of 300
0: 44 out of 300
0: 45 out of 300
0: 46 out of 300
0: Out of domain!
0: 47 out of 300
0: 48 out of 300
0: 49 out of 300
0: 50 out of 300
0: 51 out of 300
0: Out of domain!
0: 52 out of 300
0: Out of domain!
0: Out of domain!
0: 53 out of 300
0: 54 out of 300
0: Out of domain!
0: Out of domain!
0: Out of domain!
0: 55 out of 300
0: 56 out of 300
0: Out of domain!
0: 57 out of 300
0: Out of domain!
0: Out of domain!
0: Out of domain!
0: 58 out of 300
0: Out of domain!
0: Out of domain!
0: Out of domain!
0: Out of domain!
0: Out of domain!
0: 59 out of 300
0: 60 out of 300
0: 61 out of 300
0: Out of domain!
0: Out of domain!
0: Out of domain!
0: 62 out of 300
0: 63 out of 300
0: Out of domain!
0: 64 out of 300
0: 65 out of 300
0: 66 out of 300
0: 67 out of 300
0: 68 out of 300
0: 69 out of 300
0: Out of domain!
0: 70 out of 300
0: Out of domain!
0: 71 out of 300
0: Out of domain!
0: Out of domain!
0: 72 out of 300
0: Out of domain!
0: Out of domain!
0: Out of domain!
0: Out of domain!
0: Out of domain!
0: Out of domain!
0: 73 out of 300
0: Out of domain!
0: Out of domain!
0: Out of domain!
0: Out of domain!
0: Out of domain!
0: 74 out of 300
0: 75 out of 300
0: Out of domain!
0: Out of domain!
0: 76 out of 300
0: Out of domain!
0: 77 out of 300
0: 78 out of 300
0: Out of domain!
0: 79 out of 300
0: Out of domain!
0: 80 out of 300
0: 81 out of 300
0: 82 out of 300
0: Out of domain!
0: 83 out of 300
0: 84 out of 300
0: 85 out of 300
0: Out of domain!
0: 86 out of 300
0: 87 out of 300
0: 88 out of 300
0: Out of domain!
0: Out of domain!
0: 89 out of 300
0: 90 out of 300
0: Out of domain!
0: 91 out of 300
0: Out of domain!
0: 92 out of 300
0: Out of domain!
0: Out of domain!
0: Out of domain!
0: Out of domain!
0: 93 out of 300
0: 94 out of 300
0: Out of domain!
0: 95 out of 300
0: Out of domain!
0: Out of domain!
0: Out of domain!
0: Out of domain!
0: Out of domain!
0: 96 out of 300
0: Out of domain!
0: 97 out of 300
0: 98 out of 300
0: Out of domain!
0: Out of domain!
0: 99 out of 300
0: 100 out of 300
0: Out of domain!
0: 101 out of 300
0: 102 out of 300
0: Out of domain!
0: Out of domain!
0: Out of domain!
0: 103 out of 300
0: Out of domain!
0: Out of domain!
0: 104 out of 300
0: Out of domain!
0: Out of domain!
0: Out of domain!
0: Out of domain!
0: 105 out of 300
0: Out of domain!
0: Out of domain!
0: 106 out of 300
0: Out of domain!
0: 107 out of 300
0: Out of domain!
0: 108 out of 300
0: 109 out of 300
0: 110 out of 300
0: 111 out of 300
0: 112 out of 300
0: Out of domain!
0: 113 out of 300
0: Out of domain!
0: Out of domain!
0: Out of domain!
0: Out of domain!
0: Out of domain!
0: 114 out of 300
0: Out of domain!
0: 115 out of 300
0: 116 out of 300
0: 117 out of 300
0: 118 out of 300
0: Out of domain!
0: 119 out of 300
0: Out of domain!
0: 120 out of 300
0: 121 out of 300
0: Out of domain!
0: Out of domain!
0: Out of domain!
0: 122 out of 300
0: Out of domain!
0: Out of domain!
0: 123 out of 300
0: 124 out of 300
0: Out of domain!
0: 125 out of 300
0: Out of domain!
0: 126 out of 300
0: 127 out of 300
0: 128 out of 300
0: 129 out of 300
0: 130 out of 300
0: 131 out of 300
0: 132 out of 300
0: Out of domain!
0: 133 out of 300
0: 134 out of 300
0: Out of domain!
0: Out of domain!
0: 135 out of 300
0: Out of domain!
0: 136 out of 300
0: Out of domain!
0: Out of domain!
0: Out of domain!
0: Out of domain!
0: Out of domain!
0: 137 out of 300
0: Out of domain!
0: 138 out of 300
0: 139 out of 300
0: Out of domain!
0: 140 out of 300
0: 141 out of 300
0: 142 out of 300
0: Out of domain!
0: 143 out of 300
0: Out of domain!
0: 144 out of 300
0: Out of domain!
0: Out of domain!
0: Out of domain!
0: 145 out of 300
0: Out of domain!
0: Out of domain!
0: Out of domain!
0: Out of domain!
0: 146 out of 300
0: 147 out of 300
0: Out of domain!
0: 148 out of 300
0: Out of domain!
0: Out of domain!
0: Out of domain!
0: Out of domain!
0: Out of domain!
0: Out of domain!
0: Out of domain!
0: 149 out of 300
0: Out of domain!
0: Out of domain!
0: 150 out of 300
0: Out of domain!
0: 151 out of 300
0: 152 out of 300
0: Out of domain!
0: 153 out of 300
0: 154 out of 300
0: 155 out of 300
0: Out of domain!
0: Out of domain!
0: 156 out of 300
0: 157 out of 300
0: Out of domain!
0: 158 out of 300
0: Out of domain!
0: Out of domain!
0: 159 out of 300
0: 160 out of 300
0: 161 out of 300
0: 162 out of 300
0: Out of domain!
0: 163 out of 300
0: 164 out of 300
0: 165 out of 300
0: 166 out of 300
0: 167 out of 300
0: 168 out of 300
0: 169 out of 300
0: Out of domain!
0: Out of domain!
0: 170 out of 300
0: 171 out of 300
0: Out of domain!
0: Out of domain!
0: 172 out of 300
0: 173 out of 300
0: 174 out of 300
0: Out of domain!
0: Out of domain!
0: Out of domain!
0: 175 out of 300
0: Out of domain!
0: 176 out of 300
0: 177 out of 300
0: 178 out of 300
0: 179 out of 300
0: 180 out of 300
0: 181 out of 300
0: Out of domain!
0: 182 out of 300
0: 183 out of 300
0: Out of domain!
0: 184 out of 300
0: 185 out of 300
0: 186 out of 300
0: Out of domain!
0: Out of domain!
0: 187 out of 300
0: 188 out of 300
0: Out of domain!
0: 189 out of 300
0: Out of domain!
0: 190 out of 300
0: 191 out of 300
0: 192 out of 300
0: Out of domain!
0: Out of domain!
0: 193 out of 300
0: Out of domain!
0: Out of domain!
0: 194 out of 300
0: Out of domain!
0: Out of domain!
0: 195 out of 300
0: 196 out of 300
0: 197 out of 300
0: 198 out of 300
0: 199 out of 300
0: 200 out of 300
0: 201 out of 300
0: Out of domain!
0: Out of domain!
0: 202 out of 300
0: 203 out of 300
0: Out of domain!
0: 204 out of 300
0: 205 out of 300
0: Out of domain!
0: Out of domain!
0: Out of domain!
0: 206 out of 300
0: Out of domain!
0: Out of domain!
0: Out of domain!
0: 207 out of 300
0: Out of domain!
0: 208 out of 300
0: 209 out of 300
0: 210 out of 300
0: 211 out of 300
0: Out of domain!
0: 212 out of 300
0: 213 out of 300
0: 214 out of 300
0: 215 out of 300
0: Out of domain!
0: Out of domain!
0: 216 out of 300
0: 217 out of 300
0: 218 out of 300
0: 219 out of 300
0: Out of domain!
0: Out of domain!
0: Out of domain!
0: 220 out of 300
0: Out of domain!
0: 221 out of 300
0: Out of domain!
0: Out of domain!
0: 222 out of 300
0: 223 out of 300
0: 224 out of 300
0: Out of domain!
0: Out of domain!
0: 225 out of 300
0: 226 out of 300
0: Out of domain!
0: Out of domain!
0: Out of domain!
0: Out of domain!
0: Out of domain!
0: Out of domain!
0: 227 out of 300
0: Out of domain!
0: Out of domain!
0: 228 out of 300
0: 229 out of 300
0: 230 out of 300
0: Out of domain!
0: 231 out of 300
0: 232 out of 300
0: 233 out of 300
0: Out of domain!
0: Out of domain!
0: Out of domain!
0: Out of domain!
0: Out of domain!
0: Out of domain!
0: 234 out of 300
0: Out of domain!
0: Out of domain!
0: 235 out of 300
0: Out of domain!
0: 236 out of 300
0: 237 out of 300
0: 238 out of 300
0: Out of domain!
0: Out of domain!
0: 239 out of 300
0: Out of domain!
0: Out of domain!
0: Out of domain!
0: Out of domain!
0: Out of domain!
0: Out of domain!
0: Out of domain!
0: Out of domain!
0: 240 out of 300
0: 241 out of 300
0: 242 out of 300
0: 243 out of 300
0: 244 out of 300
0: 245 out of 300
0: Out of domain!
0: 246 out of 300
0: Out of domain!
0: 247 out of 300
0: 248 out of 300
0: 249 out of 300
0: 250 out of 300
0: Out of domain!
0: 251 out of 300
0: 252 out of 300
0: 253 out of 300
0: 254 out of 300
0: 255 out of 300
0: Out of domain!
0: Out of domain!
0: 256 out of 300
0: Out of domain!
0: Out of domain!
0: 257 out of 300
0: Out of domain!
0: 258 out of 300
0: 259 out of 300
0: Out of domain!
0: Out of domain!
0: 260 out of 300
0: 261 out of 300
0: 262 out of 300
0: 263 out of 300
0: 264 out of 300
0: 265 out of 300
0: 266 out of 300
0: 267 out of 300
0: 268 out of 300
0: 269 out of 300
0: Out of domain!
0: 270 out of 300
0: 271 out of 300
0: 272 out of 300
0: 273 out of 300
0: Out of domain!
0: Out of domain!
0: 274 out of 300
0: Out of domain!
0: 275 out of 300
0: 276 out of 300
0: 277 out of 300
0: 278 out of 300
0: 279 out of 300
0: 280 out of 300
0: 281 out of 300
0: 282 out of 300
0: Out of domain!
0: Out of domain!
0: Out of domain!
0: Out of domain!
0: Out of domain!
0: Out of domain!
0: 283 out of 300
0: 284 out of 300
0: 285 out of 300
0: 286 out of 300
0: Out of domain!
0: Out of domain!
0: 287 out of 300
0: 288 out of 300
0: Out of domain!
0: 289 out of 300
0: Out of domain!
0: 290 out of 300
0: Out of domain!
0: Out of domain!
0: Out of domain!
0: Out of domain!
0: Out of domain!
0: 291 out of 300
0: 292 out of 300
0: 293 out of 300
0: Out of domain!
0: Out of domain!
0: Out of domain!
0: 294 out of 300
0: Out of domain!
0: Out of domain!
0: 295 out of 300
0: 296 out of 300
0: 297 out of 300
0: 298 out of 300
0: 299 out of 300
0: field updates
0: Removing /home/lv70496/benjamin/Dropbox/nanopores/fields/rw_type_test1488571908596545.field.txt
0: Removing /home/lv70496/benjamin/Dropbox/nanopores/fields/rw_type_test1488571916504677.field.txt
0: Removing /home/lv70496/benjamin/Dropbox/nanopores/fields/rw_type_test1488571919319837.field.txt
0: Removing /home/lv70496/benjamin/Dropbox/nanopores/fields/rw_type_test1488571921146360.field.txt
0: Removing /home/lv70496/benjamin/Dropbox/nanopores/fields/rw_type_test1488571924288794.field.txt
0: Removing /home/lv70496/benjamin/Dropbox/nanopores/fields/rw_type_test1488571931561289.field.txt
0: Removing /home/lv70496/benjamin/Dropbox/nanopores/fields/rw_type_test1488571940478978.field.txt
0: Removing /home/lv70496/benjamin/Dropbox/nanopores/fields/rw_type_test1488571944644748.field.txt
0: Removing /home/lv70496/benjamin/Dropbox/nanopores/fields/rw_type_test1488571952493399.field.txt
0: Removing /home/lv70496/benjamin/Dropbox/nanopores/fields/rw_type_test1488571954774959.field.txt
0: Removing /home/lv70496/benjamin/Dropbox/nanopores/fields/rw_type_test1488571960131166.field.txt
0: 
0: Removing /home/lv70496/benjamin/Dropbox/nanopores/fields/rw_type_test1488571961521947.field.txt
0: Removing /home/lv70496/benjamin/Dropbox/nanopores/fields/rw_type_test1488571964247275.field.txt
0: Removing /home/lv70496/benjamin/Dropbox/nanopores/fields/rw_type_test1488571965532896.field.txt
0: Removing /home/lv70496/benjamin/Dropbox/nanopores/fields/rw_type_test1488571968194548.field.txt
0: Removing /home/lv70496/benjamin/Dropbox/nanopores/fields/rw_type_test1488571971113779.field.txt
0: Removing /home/lv70496/benjamin/Dropbox/nanopores/fields/rw_type_test1488571977590114.field.txt
0: Removing /home/lv70496/benjamin/Dropbox/nanopores/fields/rw_type_test1488571982240679.field.txt
0: Removing /home/lv70496/benjamin/Dropbox/nanopores/fields/rw_type_test1488571985311818.field.txt
0: Removing /home/lv70496/benjamin/Dropbox/nanopores/fields/rw_type_test1488571992371208.field.txt
0: Removing /home/lv70496/benjamin/Dropbox/nanopores/fields/rw_type_test1488571996654782.field.txt
0: Removing /home/lv70496/benjamin/Dropbox/nanopores/fields/rw_type_test1488571997679053.field.txt
0: Removing /home/lv70496/benjamin/Dropbox/nanopores/fields/rw_type_test1488571999391658.field.txt
0: Removing /home/lv70496/benjamin/Dropbox/nanopores/fields/rw_type_test1488572000415894.field.txt
0: Removing /home/lv70496/benjamin/Dropbox/nanopores/fields/rw_type_test1488572010478501.field.txt
0: Removing /home/lv70496/benjamin/Dropbox/nanopores/fields/rw_type_test1488572011657518.field.txt
0: Removing /home/lv70496/benjamin/Dropbox/nanopores/fields/rw_type_test1488572014281361.field.txt
0: Removing /home/lv70496/benjamin/Dropbox/nanopores/fields/rw_type_test1488572019192887.field.txt
0: Removing /home/lv70496/benjamin/Dropbox/nanopores/fields/rw_type_test1488572020627670.field.txt
0: Removing /home/lv70496/benjamin/Dropbox/nanopores/fields/rw_type_test1488572024929747.field.txt
0: Removing /home/lv70496/benjamin/Dropbox/nanopores/fields/rw_type_test1488572028965322.field.txt
0: Removing /home/lv70496/benjamin/Dropbox/nanopores/fields/rw_type_test1488572030707355.field.txt
0: Removing /home/lv70496/benjamin/Dropbox/nanopores/fields/rw_type_test1488572032371458.field.txt
0: Removing /home/lv70496/benjamin/Dropbox/nanopores/fields/rw_type_test1488572034406138.field.txt
0: Removing /home/lv70496/benjamin/Dropbox/nanopores/fields/rw_type_test1488572042184061.field.txt
0: Removing /home/lv70496/benjamin/Dropbox/nanopores/fields/rw_type_test1488572046980753.field.txt
0: Removing /home/lv70496/benjamin/Dropbox/nanopores/fields/rw_type_test1488572050198834.field.txt
0: Removing /home/lv70496/benjamin/Dropbox/nanopores/fields/rw_type_test1488572052149518.field.txt
0: Removing /home/lv70496/benjamin/Dropbox/nanopores/fields/rw_type_test1488572053501181.field.txt
0: Removing /home/lv70496/benjamin/Dropbox/nanopores/fields/rw_type_test1488572055511424.field.txt
0: Removing /home/lv70496/benjamin/Dropbox/nanopores/fields/rw_type_test1488572058462508.field.txt
0: Removing /home/lv70496/benjamin/Dropbox/nanopores/fields/rw_type_test1488572061221786.field.txt
0: Removing /home/lv70496/benjamin/Dropbox/nanopores/fields/rw_type_test1488572062766579.field.txt
0: Removing /home/lv70496/benjamin/Dropbox/nanopores/fields/rw_type_test1488572066164654.field.txt
0: Removing /home/lv70496/benjamin/Dropbox/nanopores/fields/rw_type_test1488572067866986.field.txt
0: Removing /home/lv70496/benjamin/Dropbox/nanopores/fields/rw_type_test1488572069521158.field.txt
0: Removing /home/lv70496/benjamin/Dropbox/nanopores/fields/rw_type_test1488572072040883.field.txt
0: Removing /home/lv70496/benjamin/Dropbox/nanopores/fields/rw_type_test1488572078677119.field.txt
0: Removing /home/lv70496/benjamin/Dropbox/nanopores/fields/rw_type_test1488572082857698.field.txt
0: Removing /home/lv70496/benjamin/Dropbox/nanopores/fields/rw_type_test1488572085167789.field.txt
0: Removing /home/lv70496/benjamin/Dropbox/nanopores/fields/rw_type_test1488572087246211.field.txt
0: Removing /home/lv70496/benjamin/Dropbox/nanopores/fields/rw_type_test1488572088312500.field.txt
0: Removing /home/lv70496/benjamin/Dropbox/nanopores/fields/rw_type_test1488572091403165.field.txt
0: Removing /home/lv70496/benjamin/Dropbox/nanopores/fields/rw_type_test1488572098167440.field.txt
0: Removing /home/lv70496/benjamin/Dropbox/nanopores/fields/rw_type_test1488572106048805.field.txt
0: Removing /home/lv70496/benjamin/Dropbox/nanopores/fields/rw_type_test1488572110849870.field.txt
0: Removing /home/lv70496/benjamin/Dropbox/nanopores/fields/rw_type_test1488572111965972.field.txt
0: Removing /home/lv70496/benjamin/Dropbox/nanopores/fields/rw_type_test1488572115495666.field.txt
0: Removing /home/lv70496/benjamin/Dropbox/nanopores/fields/rw_type_test1488572122457988.field.txt
0: Removing /home/lv70496/benjamin/Dropbox/nanopores/fields/rw_type_test1488572137720950.field.txt
0: Removing /home/lv70496/benjamin/Dropbox/nanopores/fields/rw_type_test1488572140639036.field.txt
0: Removing /home/lv70496/benjamin/Dropbox/nanopores/fields/rw_type_test1488572143322496.field.txt
0: Removing /home/lv70496/benjamin/Dropbox/nanopores/fields/rw_type_test1488572148624891.field.txt
0: Removing /home/lv70496/benjamin/Dropbox/nanopores/fields/rw_type_test1488572149488115.field.txt
0: Removing /home/lv70496/benjamin/Dropbox/nanopores/fields/rw_type_test1488572155603049.field.txt
0: Removing /home/lv70496/benjamin/Dropbox/nanopores/fields/rw_type_test1488572158630880.field.txt
0: Removing /home/lv70496/benjamin/Dropbox/nanopores/fields/rw_type_test1488572160968515.field.txt
0: Removing /home/lv70496/benjamin/Dropbox/nanopores/fields/rw_type_test1488572163750858.field.txt
0: Removing /home/lv70496/benjamin/Dropbox/nanopores/fields/rw_type_test1488572166576292.field.txt
0: Removing /home/lv70496/benjamin/Dropbox/nanopores/fields/rw_type_test1488572167779649.field.txt
0: Removing /home/lv70496/benjamin/Dropbox/nanopores/fields/rw_type_test1488572177055325.field.txt
0: Removing /home/lv70496/benjamin/Dropbox/nanopores/fields/rw_type_test1488572182476281.field.txt
0: Removing /home/lv70496/benjamin/Dropbox/nanopores/fields/rw_type_test1488572189282684.field.txt
0: Removing /home/lv70496/benjamin/Dropbox/nanopores/fields/rw_type_test1488572196353907.field.txt
0: Removing /home/lv70496/benjamin/Dropbox/nanopores/fields/rw_type_test1488572205443484.field.txt
0: Removing /home/lv70496/benjamin/Dropbox/nanopores/fields/rw_type_test1488572206944810.field.txt
0: Removing /home/lv70496/benjamin/Dropbox/nanopores/fields/rw_type_test1488572209556996.field.txt
0: Removing /home/lv70496/benjamin/Dropbox/nanopores/fields/rw_type_test1488572210689917.field.txt
0: Removing /home/lv70496/benjamin/Dropbox/nanopores/fields/rw_type_test1488572212636455.field.txt
0: Removing /home/lv70496/benjamin/Dropbox/nanopores/fields/rw_type_test1488572216954682.field.txt
0: Removing /home/lv70496/benjamin/Dropbox/nanopores/fields/rw_type_test1488572219335767.field.txt
0: Removing /home/lv70496/benjamin/Dropbox/nanopores/fields/rw_type_test1488572221657369.field.txt
0: Removing /home/lv70496/benjamin/Dropbox/nanopores/fields/rw_type_test1488572225062038.field.txt
0: Removing /home/lv70496/benjamin/Dropbox/nanopores/fields/rw_type_test1488572227931277.field.txt
0: Removing /home/lv70496/benjamin/Dropbox/nanopores/fields/rw_type_test1488572230512695.field.txt
0: Removing /home/lv70496/benjamin/Dropbox/nanopores/fields/rw_type_test1488572233600329.field.txt
0: Removing /home/lv70496/benjamin/Dropbox/nanopores/fields/rw_type_test1488572239284346.field.txt
0: Removing /home/lv70496/benjamin/Dropbox/nanopores/fields/rw_type_test1488572240760811.field.txt
0: Removing /home/lv70496/benjamin/Dropbox/nanopores/fields/rw_type_test1488572242016975.field.txt
0: Removing /home/lv70496/benjamin/Dropbox/nanopores/fields/rw_type_test1488572250088963.field.txt
0: Removing /home/lv70496/benjamin/Dropbox/nanopores/fields/rw_type_test1488572251968330.field.txt
0: Removing /home/lv70496/benjamin/Dropbox/nanopores/fields/rw_type_test1488572253961121.field.txt
0: Removing /home/lv70496/benjamin/Dropbox/nanopores/fields/rw_type_test1488572255882441.field.txt
0: Removing /home/lv70496/benjamin/Dropbox/nanopores/fields/rw_type_test1488572264456326.field.txt
0: 
0: Removing /home/lv70496/benjamin/Dropbox/nanopores/fields/rw_type_test1488572267341100.field.txt
0: Removing /home/lv70496/benjamin/Dropbox/nanopores/fields/rw_type_test1488572268798123.field.txt
0: Removing /home/lv70496/benjamin/Dropbox/nanopores/fields/rw_type_test1488572277703116.field.txt
0: Removing /home/lv70496/benjamin/Dropbox/nanopores/fields/rw_type_test1488572286298084.field.txt
0: Removing /home/lv70496/benjamin/Dropbox/nanopores/fields/rw_type_test1488572289104611.field.txt
0: Removing /home/lv70496/benjamin/Dropbox/nanopores/fields/rw_type_test1488572292173449.field.txt
0: Removing /home/lv70496/benjamin/Dropbox/nanopores/fields/rw_type_test1488572293745092.field.txt
0: Removing /home/lv70496/benjamin/Dropbox/nanopores/fields/rw_type_test1488572295039202.field.txt
0: Removing /home/lv70496/benjamin/Dropbox/nanopores/fields/rw_type_test1488572296377697.field.txt
0: Removing /home/lv70496/benjamin/Dropbox/nanopores/fields/rw_type_test1488572300100819.field.txt
0: Removing /home/lv70496/benjamin/Dropbox/nanopores/fields/rw_type_test1488572303706545.field.txt
0: Removing /home/lv70496/benjamin/Dropbox/nanopores/fields/rw_type_test1488572308980950.field.txt
0: Removing /home/lv70496/benjamin/Dropbox/nanopores/fields/rw_type_test1488572312283388.field.txt
0: Removing /home/lv70496/benjamin/Dropbox/nanopores/fields/rw_type_test1488572314119841.field.txt
0: Removing /home/lv70496/benjamin/Dropbox/nanopores/fields/rw_type_test1488572319002911.field.txt
0: Removing /home/lv70496/benjamin/Dropbox/nanopores/fields/rw_type_test1488572320995061.field.txt
0: Removing /home/lv70496/benjamin/Dropbox/nanopores/fields/rw_type_test1488572323437769.field.txt
0: Removing /home/lv70496/benjamin/Dropbox/nanopores/fields/rw_type_test1488572324852869.field.txt
0: Removing /home/lv70496/benjamin/Dropbox/nanopores/fields/rw_type_test1488572326414775.field.txt
0: Removing /home/lv70496/benjamin/Dropbox/nanopores/fields/rw_type_test1488572330555145.field.txt
0: Removing /home/lv70496/benjamin/Dropbox/nanopores/fields/rw_type_test1488572339216009.field.txt
0: Removing /home/lv70496/benjamin/Dropbox/nanopores/fields/rw_type_test1488572342732329.field.txt
0: Removing /home/lv70496/benjamin/Dropbox/nanopores/fields/rw_type_test1488572346415813.field.txt
0: Removing /home/lv70496/benjamin/Dropbox/nanopores/fields/rw_type_test1488572350734842.field.txt
0: Removing /home/lv70496/benjamin/Dropbox/nanopores/fields/rw_type_test1488572354275834.field.txt
0: Removing /home/lv70496/benjamin/Dropbox/nanopores/fields/rw_type_test1488572357076509.field.txt
0: Removing /home/lv70496/benjamin/Dropbox/nanopores/fields/rw_type_test1488572363648600.field.txt
0: Removing /home/lv70496/benjamin/Dropbox/nanopores/fields/rw_type_test1488572369873268.field.txt
0: Removing /home/lv70496/benjamin/Dropbox/nanopores/fields/rw_type_test1488572376240436.field.txt
0: Removing /home/lv70496/benjamin/Dropbox/nanopores/fields/rw_type_test1488572383666607.field.txt
0: Removing /home/lv70496/benjamin/Dropbox/nanopores/fields/rw_type_test1488572385663608.field.txt
0: Removing /home/lv70496/benjamin/Dropbox/nanopores/fields/rw_type_test1488572392330163.field.txt
0: Removing /home/lv70496/benjamin/Dropbox/nanopores/fields/rw_type_test1488572395196369.field.txt
0: Removing /home/lv70496/benjamin/Dropbox/nanopores/fields/rw_type_test1488572396443528.field.txt
0: Removing /home/lv70496/benjamin/Dropbox/nanopores/fields/rw_type_test1488572397738609.field.txt
0: Removing /home/lv70496/benjamin/Dropbox/nanopores/fields/rw_type_test1488572399899017.field.txt
0: Removing /home/lv70496/benjamin/Dropbox/nanopores/fields/rw_type_test1488572401978124.field.txt
0: Removing /home/lv70496/benjamin/Dropbox/nanopores/fields/rw_type_test1488572403034766.field.txt
0: Removing /home/lv70496/benjamin/Dropbox/nanopores/fields/rw_type_test1488572407560351.field.txt
0: Removing /home/lv70496/benjamin/Dropbox/nanopores/fields/rw_type_test1488572409518582.field.txt
0: Removing /home/lv70496/benjamin/Dropbox/nanopores/fields/rw_type_test1488572411163453.field.txt
0: Removing /home/lv70496/benjamin/Dropbox/nanopores/fields/rw_type_test1488572412624427.field.txt
0: Removing /home/lv70496/benjamin/Dropbox/nanopores/fields/rw_type_test1488572416224314.field.txt
0: Removing /home/lv70496/benjamin/Dropbox/nanopores/fields/rw_type_test1488572423487985.field.txt
0: Removing /home/lv70496/benjamin/Dropbox/nanopores/fields/rw_type_test1488572427475934.field.txt
0: Removing /home/lv70496/benjamin/Dropbox/nanopores/fields/rw_type_test1488572429193885.field.txt
0: Removing /home/lv70496/benjamin/Dropbox/nanopores/fields/rw_type_test1488572430743840.field.txt
0: Removing /home/lv70496/benjamin/Dropbox/nanopores/fields/rw_type_test1488572434515349.field.txt
0: Removing /home/lv70496/benjamin/Dropbox/nanopores/fields/rw_type_test1488572438881755.field.txt
0: Removing /home/lv70496/benjamin/Dropbox/nanopores/fields/rw_type_test1488572441767720.field.txt
0: Removing /home/lv70496/benjamin/Dropbox/nanopores/fields/rw_type_test1488572443820842.field.txt
0: Removing /home/lv70496/benjamin/Dropbox/nanopores/fields/rw_type_test1488572453763823.field.txt
0: Removing /home/lv70496/benjamin/Dropbox/nanopores/fields/rw_type_test1488572462521840.field.txt
0: Removing /home/lv70496/benjamin/Dropbox/nanopores/fields/rw_type_test1488572468306705.field.txt
0: Removing /home/lv70496/benjamin/Dropbox/nanopores/fields/rw_type_test1488572473007496.field.txt
0: Removing /home/lv70496/benjamin/Dropbox/nanopores/fields/rw_type_test1488572490479915.field.txt
0: Removing /home/lv70496/benjamin/Dropbox/nanopores/fields/rw_type_test1488572496721978.field.txt
0: Removing /home/lv70496/benjamin/Dropbox/nanopores/fields/rw_type_test1488572501030693.field.txt
0: Removing /home/lv70496/benjamin/Dropbox/nanopores/fields/rw_type_test1488572502263859.field.txt
0: Removing /home/lv70496/benjamin/Dropbox/nanopores/fields/rw_type_test1488572507081209.field.txt
0: Removing /home/lv70496/benjamin/Dropbox/nanopores/fields/rw_type_test1488572511614074.field.txt
0: Removing /home/lv70496/benjamin/Dropbox/nanopores/fields/rw_type_test1488572515069024.field.txt
0: Removing /home/lv70496/benjamin/Dropbox/nanopores/fields/rw_type_test1488572523334756.field.txt
0: Removing /home/lv70496/benjamin/Dropbox/nanopores/fields/rw_type_test1488572525276360.field.txt
0: Removing /home/lv70496/benjamin/Dropbox/nanopores/fields/rw_type_test1488572527051783.field.txt
0: Removing /home/lv70496/benjamin/Dropbox/nanopores/fields/rw_type_test1488572530574092.field.txt
0: Removing /home/lv70496/benjamin/Dropbox/nanopores/fields/rw_type_test1488572532721373.field.txt
0: Removing /home/lv70496/benjamin/Dropbox/nanopores/fields/rw_type_test1488572534008136.field.txt
0: Removing /home/lv70496/benjamin/Dropbox/nanopores/fields/rw_type_test1488572539525841.field.txt
0: Removing /home/lv70496/benjamin/Dropbox/nanopores/fields/rw_type_test1488572541320879.field.txt
0: Removing /home/lv70496/benjamin/Dropbox/nanopores/fields/rw_type_test1488572549793469.field.txt
0: Removing /home/lv70496/benjamin/Dropbox/nanopores/fields/rw_type_test1488572553297401.field.txt
0: Removing /home/lv70496/benjamin/Dropbox/nanopores/fields/rw_type_test1488572554406870.field.txt
0: Removing /home/lv70496/benjamin/Dropbox/nanopores/fields/rw_type_test1488572556166097.field.txt
0: Removing /home/lv70496/benjamin/Dropbox/nanopores/fields/rw_type_test1488572558558777.field.txt
0: Removing /home/lv70496/benjamin/Dropbox/nanopores/fields/rw_type_test1488572560449358.field.txt
0: Removing /home/lv70496/benjamin/Dropbox/nanopores/fields/rw_type_test1488572567921638.field.txt
0: Removing /home/lv70496/benjamin/Dropbox/nanopores/fields/rw_type_test1488572569117537.field.txt
0: Removing /home/lv70496/benjamin/Dropbox/nanopores/fields/rw_type_test1488572577983965.field.txt
0: Removing /home/lv70496/benjamin/Dropbox/nanopores/fields/rw_type_test1488572582356544.field.txt
0: Removing /home/lv70496/benjamin/Dropbox/nanopores/fields/rw_type_test1488572585007298.field.txt
0: Removing /home/lv70496/benjamin/Dropbox/nanopores/fields/rw_type_test1488572590455889.field.txt
0: Removing /home/lv70496/benjamin/Dropbox/nanopores/fields/rw_type_test1488572592652659.field.txt
0: Removing /home/lv70496/benjamin/Dropbox/nanopores/fields/rw_type_test1488572595358524.field.txt
0: Removing /home/lv70496/benjamin/Dropbox/nanopores/fields/rw_type_test1488572598196360.field.txt
0: Removing /home/lv70496/benjamin/Dropbox/nanopores/fields/rw_type_test1488572598960335.field.txt
0: Removing /home/lv70496/benjamin/Dropbox/nanopores/fields/rw_type_test1488572600745293.field.txt
0: Removing /home/lv70496/benjamin/Dropbox/nanopores/fields/rw_type_test1488572605127633.field.txt
0: Removing /home/lv70496/benjamin/Dropbox/nanopores/fields/rw_type_test1488572609685416.field.txt
0: Removing /home/lv70496/benjamin/Dropbox/nanopores/fields/rw_type_test1488572610416440.field.txt
0: Removing /home/lv70496/benjamin/Dropbox/nanopores/fields/rw_type_test1488572615194875.field.txt
0: Removing /home/lv70496/benjamin/Dropbox/nanopores/fields/rw_type_test1488572616502971.field.txt
0: Removing /home/lv70496/benjamin/Dropbox/nanopores/fields/rw_type_test1488572618265213.field.txt
0: Removing /home/lv70496/benjamin/Dropbox/nanopores/fields/rw_type_test1488572625377716.field.txt
0: Removing /home/lv70496/benjamin/Dropbox/nanopores/fields/rw_type_test1488572628352580.field.txt
0: Removing /home/lv70496/benjamin/Dropbox/nanopores/fields/rw_type_test1488572630885848.field.txt
0: Removing /home/lv70496/benjamin/Dropbox/nanopores/fields/rw_type_test1488572633933802.field.txt
0: Removing /home/lv70496/benjamin/Dropbox/nanopores/fields/rw_type_test1488572635154918.field.txt
0: Removing /home/lv70496/benjamin/Dropbox/nanopores/fields/rw_type_test1488572637997909.field.txt
0: Removing /home/lv70496/benjamin/Dropbox/nanopores/fields/rw_type_test1488572640882872.field.txt
0: Removing /home/lv70496/benjamin/Dropbox/nanopores/fields/rw_type_test1488572647423301.field.txt
0: Removing /home/lv70496/benjamin/Dropbox/nanopores/fields/rw_type_test1488572651328519.field.txt
0: Removing /home/lv70496/benjamin/Dropbox/nanopores/fields/rw_type_test1488572653134937.field.txt
0: Removing /home/lv70496/benjamin/Dropbox/nanopores/fields/rw_type_test1488572658417452.field.txt
0: Removing /home/lv70496/benjamin/Dropbox/nanopores/fields/rw_type_test1488572663145960.field.txt
0: Removing /home/lv70496/benjamin/Dropbox/nanopores/fields/rw_type_test1488572665719181.field.txt
0: Removing /home/lv70496/benjamin/Dropbox/nanopores/fields/rw_type_test1488572667299843.field.txt
0: Removing /home/lv70496/benjamin/Dropbox/nanopores/fields/rw_type_test1488572668969696.field.txt
0: Removing /home/lv70496/benjamin/Dropbox/nanopores/fields/rw_type_test1488572671489809.field.txt
0: Removing /home/lv70496/benjamin/Dropbox/nanopores/fields/rw_type_test1488572672694762.field.txt
0: Removing /home/lv70496/benjamin/Dropbox/nanopores/fields/rw_type_test1488572677525452.field.txt
0: Removing /home/lv70496/benjamin/Dropbox/nanopores/fields/rw_type_test1488572682275360.field.txt
0: 
0: Removing /home/lv70496/benjamin/Dropbox/nanopores/fields/rw_type_test1488572690040230.field.txt
0: Removing /home/lv70496/benjamin/Dropbox/nanopores/fields/rw_type_test1488572696233708.field.txt
0: Removing /home/lv70496/benjamin/Dropbox/nanopores/fields/rw_type_test1488572701699557.field.txt
0: Removing /home/lv70496/benjamin/Dropbox/nanopores/fields/rw_type_test1488572705570517.field.txt
0: Removing /home/lv70496/benjamin/Dropbox/nanopores/fields/rw_type_test1488572707232588.field.txt
0: Removing /home/lv70496/benjamin/Dropbox/nanopores/fields/rw_type_test1488572708889396.field.txt
0: Removing /home/lv70496/benjamin/Dropbox/nanopores/fields/rw_type_test1488572714918881.field.txt
0: Removing /home/lv70496/benjamin/Dropbox/nanopores/fields/rw_type_test1488572715954535.field.txt
0: Removing /home/lv70496/benjamin/Dropbox/nanopores/fields/rw_type_test1488572718600155.field.txt
0: Removing /home/lv70496/benjamin/Dropbox/nanopores/fields/rw_type_test1488572720290552.field.txt
0: Removing /home/lv70496/benjamin/Dropbox/nanopores/fields/rw_type_test1488572722671257.field.txt
0: Removing /home/lv70496/benjamin/Dropbox/nanopores/fields/rw_type_test1488572724315200.field.txt
0: Removing /home/lv70496/benjamin/Dropbox/nanopores/fields/rw_type_test1488572725352762.field.txt
0: Removing /home/lv70496/benjamin/Dropbox/nanopores/fields/rw_type_test1488572727831665.field.txt
0: Removing /home/lv70496/benjamin/Dropbox/nanopores/fields/rw_type_test1488572734386566.field.txt
0: Removing /home/lv70496/benjamin/Dropbox/nanopores/fields/rw_type_test1488572737504041.field.txt
0: Removing /home/lv70496/benjamin/Dropbox/nanopores/fields/rw_type_test1488572744071871.field.txt
0: Removing /home/lv70496/benjamin/Dropbox/nanopores/fields/rw_type_test1488572747126603.field.txt
0: Removing /home/lv70496/benjamin/Dropbox/nanopores/fields/rw_type_test1488572749055460.field.txt
0: Removing /home/lv70496/benjamin/Dropbox/nanopores/fields/rw_type_test1488572754832460.field.txt
0: Removing /home/lv70496/benjamin/Dropbox/nanopores/fields/rw_type_test1488572756063504.field.txt
0: Removing /home/lv70496/benjamin/Dropbox/nanopores/fields/rw_type_test1488572766557422.field.txt
0: Removing /home/lv70496/benjamin/Dropbox/nanopores/fields/rw_type_test1488572775106041.field.txt
0: Removing /home/lv70496/benjamin/Dropbox/nanopores/fields/rw_type_test1488572778425240.field.txt
0: Removing /home/lv70496/benjamin/Dropbox/nanopores/fields/rw_type_test1488572781344415.field.txt
0: Removing /home/lv70496/benjamin/Dropbox/nanopores/fields/rw_type_test1488572783597050.field.txt
0: Removing /home/lv70496/benjamin/Dropbox/nanopores/fields/rw_type_test1488572786670174.field.txt
0: Removing /home/lv70496/benjamin/Dropbox/nanopores/fields/rw_type_test1488572790353197.field.txt
0: Removing /home/lv70496/benjamin/Dropbox/nanopores/fields/rw_type_test1488572799035357.field.txt
0: Removing /home/lv70496/benjamin/Dropbox/nanopores/fields/rw_type_test1488572804326822.field.txt
0: Removing /home/lv70496/benjamin/Dropbox/nanopores/fields/rw_type_test1488572807610376.field.txt
0: Removing /home/lv70496/benjamin/Dropbox/nanopores/fields/rw_type_test1488572810912128.field.txt
0: Removing /home/lv70496/benjamin/Dropbox/nanopores/fields/rw_type_test1488572812484848.field.txt
0: Removing /home/lv70496/benjamin/Dropbox/nanopores/fields/rw_type_test1488572816880655.field.txt
0: Removing /home/lv70496/benjamin/Dropbox/nanopores/fields/rw_type_test1488572829298188.field.txt
0: Removing /home/lv70496/benjamin/Dropbox/nanopores/fields/rw_type_test1488572831086097.field.txt
0: Removing /home/lv70496/benjamin/Dropbox/nanopores/fields/rw_type_test1488572835054709.field.txt
0: Removing /home/lv70496/benjamin/Dropbox/nanopores/fields/rw_type_test1488572839301007.field.txt
0: Removing /home/lv70496/benjamin/Dropbox/nanopores/fields/rw_type_test1488572840235315.field.txt
0: Removing /home/lv70496/benjamin/Dropbox/nanopores/fields/rw_type_test1488572842125987.field.txt
0: Removing /home/lv70496/benjamin/Dropbox/nanopores/fields/rw_type_test1488572844332250.field.txt
0: Removing /home/lv70496/benjamin/Dropbox/nanopores/fields/rw_type_test1488572851460447.field.txt
0: Removing /home/lv70496/benjamin/Dropbox/nanopores/fields/rw_type_test1488572854892466.field.txt
0: Removing /home/lv70496/benjamin/Dropbox/nanopores/fields/rw_type_test1488572856007773.field.txt
0: Removing /home/lv70496/benjamin/Dropbox/nanopores/fields/rw_type_test1488572857200296.field.txt
0: Removing /home/lv70496/benjamin/Dropbox/nanopores/fields/rw_type_test1488572860617010.field.txt
0: Removing /home/lv70496/benjamin/Dropbox/nanopores/fields/rw_type_test1488572863122884.field.txt
0: Removing /home/lv70496/benjamin/Dropbox/nanopores/fields/rw_type_test1488572864851507.field.txt
0: Removing /home/lv70496/benjamin/Dropbox/nanopores/fields/rw_type_test1488572866629864.field.txt
0: Removing /home/lv70496/benjamin/Dropbox/nanopores/fields/rw_type_test1488572869677454.field.txt
0: Removing /home/lv70496/benjamin/Dropbox/nanopores/fields/rw_type_test1488572877162377.field.txt
0: Removing /home/lv70496/benjamin/Dropbox/nanopores/fields/rw_type_test1488572879472432.field.txt
0: Removing /home/lv70496/benjamin/Dropbox/nanopores/fields/rw_type_test1488572882690525.field.txt
0: Removing /home/lv70496/benjamin/Dropbox/nanopores/fields/rw_type_test1488572888995476.field.txt
0: Removing /home/lv70496/benjamin/Dropbox/nanopores/fields/rw_type_test1488572894849497.field.txt
0: Removing /home/lv70496/benjamin/Dropbox/nanopores/fields/rw_type_test1488572896034204.field.txt
0: Removing /home/lv70496/benjamin/Dropbox/nanopores/fields/rw_type_test1488572899350089.field.txt
0: Removing /home/lv70496/benjamin/Dropbox/nanopores/fields/rw_type_test1488572901187480.field.txt
0: Removing /home/lv70496/benjamin/Dropbox/nanopores/fields/rw_type_test1488572903569263.field.txt
0: Removing /home/lv70496/benjamin/Dropbox/nanopores/fields/rw_type_test1488572904803784.field.txt
0: Removing /home/lv70496/benjamin/Dropbox/nanopores/fields/rw_type_test1488572906039076.field.txt
0: Removing /home/lv70496/benjamin/Dropbox/nanopores/fields/rw_type_test1488572911259208.field.txt
0: Removing /home/lv70496/benjamin/Dropbox/nanopores/fields/rw_type_test1488572912709322.field.txt
0: Removing /home/lv70496/benjamin/Dropbox/nanopores/fields/rw_type_test1488572915158526.field.txt
0: Removing /home/lv70496/benjamin/Dropbox/nanopores/fields/rw_type_test1488572916465619.field.txt
0: Removing /home/lv70496/benjamin/Dropbox/nanopores/fields/rw_type_test1488572919927376.field.txt
0: Removing /home/lv70496/benjamin/Dropbox/nanopores/fields/rw_type_test1488572920777578.field.txt
0: Removing /home/lv70496/benjamin/Dropbox/nanopores/fields/rw_type_test1488572923251962.field.txt
0: Removing /home/lv70496/benjamin/Dropbox/nanopores/fields/rw_type_test1488572930953860.field.txt
0: Removing /home/lv70496/benjamin/Dropbox/nanopores/fields/rw_type_test1488572933643309.field.txt
0: Removing /home/lv70496/benjamin/Dropbox/nanopores/fields/rw_type_test1488572934753975.field.txt
0: Removing /home/lv70496/benjamin/Dropbox/nanopores/fields/rw_type_test1488572936939365.field.txt
0: Removing /home/lv70496/benjamin/Dropbox/nanopores/fields/rw_type_test1488572939133120.field.txt
0: Removing /home/lv70496/benjamin/Dropbox/nanopores/fields/rw_type_test1488572941289478.field.txt
0: Removing /home/lv70496/benjamin/Dropbox/nanopores/fields/rw_type_test1488572944500955.field.txt
0: Removing /home/lv70496/benjamin/Dropbox/nanopores/fields/rw_type_test1488572945667996.field.txt
0: Removing /home/lv70496/benjamin/Dropbox/nanopores/fields/rw_type_test1488572947968917.field.txt
0: Removing /home/lv70496/benjamin/Dropbox/nanopores/fields/rw_type_test1488572959357104.field.txt
0: Removing /home/lv70496/benjamin/Dropbox/nanopores/fields/rw_type_test1488572962342590.field.txt
0: Removing /home/lv70496/benjamin/Dropbox/nanopores/fields/rw_type_test1488572963241170.field.txt
0: Removing /home/lv70496/benjamin/Dropbox/nanopores/fields/rw_type_test1488572967267115.field.txt
0: Removing /home/lv70496/benjamin/Dropbox/nanopores/fields/rw_type_test1488572969826797.field.txt
0: Removing /home/lv70496/benjamin/Dropbox/nanopores/fields/rw_type_test1488572971840053.field.txt
0: Removing /home/lv70496/benjamin/Dropbox/nanopores/fields/rw_type_test1488572973618072.field.txt
0: Removing /home/lv70496/benjamin/Dropbox/nanopores/fields/rw_type_test1488572979123035.field.txt
0: Removing /home/lv70496/benjamin/Dropbox/nanopores/fields/rw_type_test1488572985127584.field.txt
0: Removing /home/lv70496/benjamin/Dropbox/nanopores/fields/rw_type_test1488572986276229.field.txt
0: Removing /home/lv70496/benjamin/Dropbox/nanopores/fields/rw_type_test1488572987047718.field.txt
0: Removing /home/lv70496/benjamin/Dropbox/nanopores/fields/rw_type_test1488572990646244.field.txt
0: Removing /home/lv70496/benjamin/Dropbox/nanopores/fields/rw_type_test1488572995005219.field.txt
0: Removing /home/lv70496/benjamin/Dropbox/nanopores/fields/rw_type_test1488572996549882.field.txt
0: Removing /home/lv70496/benjamin/Dropbox/nanopores/fields/rw_type_test1488573002479832.field.txt
0: Removing /home/lv70496/benjamin/Dropbox/nanopores/fields/rw_type_test1488573004291339.field.txt
0: Removing /home/lv70496/benjamin/Dropbox/nanopores/fields/rw_type_test1488573007022594.field.txt
0: Found 300 new files, merged 300 of them into existing files.
0: 345
0: 12
0: savefig:
0: rw_type_test_1.0e+07_3.0e+04_5.0e-03_8.0e-02_23.0.eps
